<?xml version="1.0" encoding="UTF-8"?>
<!-- Generated by org.testng.reporters.JUnitXMLReporter -->
<testsuite ignored="0" hostname="EPINHYDW06A0" failures="0" tests="3" name="Surefire test" time="1.849" errors="0" timestamp="2021-02-05T16:05:57 IST">
  <testcase classname="com.epam.oops.abstraction.BrowserTest" name="getBrowserAndNavigate" time="1.819"/>
  <testcase classname="com.epam.oops.polymorphism.MethodOverloadTest" name="checkMethodOverloading" time="0.001"/>
  <testcase classname="com.epam.oops.polymorphism.MethodOverridingTest" name="validateOverriding" time="0.003"/>
</testsuite> <!-- Surefire test -->
