<?xml version="1.0" encoding="UTF-8"?>
<!-- Generated by org.testng.reporters.JUnitXMLReporter -->
<testsuite ignored="0" hostname="EPINHYDW06A0" failures="0" tests="7" name="Epam Onboarding Test" time="1.96" errors="0" timestamp="2021-02-06T10:46:01 IST">
  <testcase classname="com.epam.oops.abstraction.BrowserTest" name="getBrowserAndNavigate" time="1.914"/>
  <testcase classname="com.epam.oops.polymorphism.MethodOverloadTest" name="checkMethodOverloading" time="0.002"/>
  <testcase classname="com.epam.oops.polymorphism.MethodOverridingTest" name="validateOverriding" time="0.003"/>
  <testcase classname="com.epam.oops.inheritance.InheritanceTest" name="validateInheritance" time="0.004"/>
  <testcase classname="com.epam.oops.encapsulation.EncapsulationTest" name="validateEncapsulation" time="0.002"/>
  <testcase classname="com.epam.oops.association.AssociationTest" name="validateAssociation" time="0.003"/>
  <testcase classname="com.epam.oops.composition.CompositionTest" name="validateComposition" time="0.003"/>
</testsuite> <!-- Epam Onboarding Test -->
