<?xml version="1.0" encoding="UTF-8"?>
<testsuite xmlns:xsi="http://www.w3.org/2001/XMLSchema-instance" xsi:noNamespaceSchemaLocation="https://maven.apache.org/surefire/maven-surefire-plugin/xsd/surefire-test-report.xsd" name="TestSuite" time="2.369" tests="7" errors="0" skipped="0" failures="0">
  <properties>
[...]
</properties>
  <testcase name="getBrowserAndNavigate" classname="com.epam.oops.abstraction.BrowserTest" time="1.916"/>
  <testcase name="checkMethodOverloading" classname="com.epam.oops.polymorphism.MethodOverloadTest" time="0.003"/>
  <testcase name="validateOverriding" classname="com.epam.oops.polymorphism.MethodOverridingTest" time="0.004"/>
  <testcase name="validateInheritance" classname="com.epam.oops.inheritance.InheritanceTest" time="0.003"/>
  <testcase name="validateEncapsulation" classname="com.epam.oops.encapsulation.EncapsulationTest" time="0.001"/>
  <testcase name="validateAssociation" classname="com.epam.oops.association.AssociationTest" time="0.002"/>
  <testcase name="validateComposition" classname="com.epam.oops.composition.CompositionTest" time="0.003"/>
</testsuite>